<?xml version="1.0" encoding="UTF-8"?>
<!-- Generated by org.testng.reporters.JUnitXMLReporter -->
<testsuite hostname="Rashmes-MacBook-Air.local" ignored="0" name="Default test" tests="2" failures="0" timestamp="25 Jul 2022 15:37:07 GMT" time="17.01" errors="0">
  <testcase name="googleTitleTest" time="0.083" classname="com.TDDFrameowk.TestNGBasics.GoogleTitleTestAssert"/>
  <testcase name="googleLogoTest" time="0.296" classname="com.TDDFrameowk.TestNGBasics.GoogleTitleTestAssert"/>
</testsuite> <!-- Default test -->
